DESIGN YOUR DREAM/NEW_PRO/Design Your Dream/Design Your Dream/app/build/intermediates/manifest_merge_blame_file/debug/manifest-merger-blame-debug-report.txt
1<?xml version="1.0" encoding="utf-8"?>
2<manifest xmlns:android="http://schemas.android.com/apk/res/android"
3    package="com.example.color_my_world"
4    android:versionCode="1"
5    android:versionName="1.0" >
6
7    <uses-sdk
7-->src\main\AndroidManifest.xml:7:5-9:41
8        android:minSdkVersion="19"
8-->src\main\AndroidManifest.xml:8:9-35
9        android:targetSdkVersion="30" />
9-->src\main\AndroidManifest.xml:9:9-38
10
11    <uses-permission android:name="android.permission.INTERNET" />
11-->src\main\AndroidManifest.xml:11:5-67
11-->src\main\AndroidManifest.xml:11:22-64
12    <uses-permission android:name="android.permission.READ_EXTERNAL_STORAGE" />
12-->src\main\AndroidManifest.xml:12:5-80
12-->src\main\AndroidManifest.xml:12:22-77
13    <uses-permission android:name="android.permission.WRITE_EXTERNAL_STORAGE" />
13-->src\main\AndroidManifest.xml:13:5-81
13-->src\main\AndroidManifest.xml:13:22-78
14
15    <application
15-->src\main\AndroidManifest.xml:15:5-72:19
16        android:allowBackup="true"
16-->src\main\AndroidManifest.xml:16:9-35
17        android:appComponentFactory="android.support.v4.app.CoreComponentFactory"
17-->[com.android.support:support-compat:28.0.0] AndroidManifest.xml:22:18-91
18        android:debuggable="true"
19        android:icon="@drawable/ic_launcher"
19-->src\main\AndroidManifest.xml:17:9-45
20        android:label="@string/app_name"
20-->src\main\AndroidManifest.xml:18:9-41
21        android:requestLegacyExternalStorage="true"
21-->src\main\AndroidManifest.xml:19:9-52
22        android:testOnly="true"
23        android:theme="@style/AppTheme"
23-->src\main\AndroidManifest.xml:20:9-40
24        android:usesCleartextTraffic="true" >
24-->src\main\AndroidManifest.xml:21:9-44
25        <activity android:name="com.example.color_my_world.User_view_room_designs" />
25-->src\main\AndroidManifest.xml:22:9-69
25-->src\main\AndroidManifest.xml:22:19-57
26        <activity android:name="com.example.color_my_world.User_view_curtain_designs" />
26-->src\main\AndroidManifest.xml:23:9-63
26-->src\main\AndroidManifest.xml:23:19-60
27        <activity android:name="com.example.color_my_world.IPsetting" >
27-->src\main\AndroidManifest.xml:24:9-30:20
27-->src\main\AndroidManifest.xml:24:19-44
28            <intent-filter>
28-->src\main\AndroidManifest.xml:25:13-29:29
29                <action android:name="android.intent.action.MAIN" />
29-->src\main\AndroidManifest.xml:26:17-69
29-->src\main\AndroidManifest.xml:26:25-66
30
31                <category android:name="android.intent.category.LAUNCHER" />
31-->src\main\AndroidManifest.xml:28:17-77
31-->src\main\AndroidManifest.xml:28:27-74
32            </intent-filter>
33        </activity>
34        <activity android:name="com.example.color_my_world.Model_details" />
34-->src\main\AndroidManifest.xml:31:9-51
34-->src\main\AndroidManifest.xml:31:19-48
35        <activity android:name="com.example.color_my_world.PHOTO" />
35-->src\main\AndroidManifest.xml:32:9-43
35-->src\main\AndroidManifest.xml:32:19-40
36        <activity android:name="com.example.color_my_world.FitEarring" />
36-->src\main\AndroidManifest.xml:33:9-48
36-->src\main\AndroidManifest.xml:33:19-45
37        <activity
37-->src\main\AndroidManifest.xml:34:9-36:48
38            android:name="com.example.color_my_world.Login"
38-->src\main\AndroidManifest.xml:35:13-34
39            android:label="@string/app_name" />
39-->src\main\AndroidManifest.xml:36:13-45
40        <activity
40-->src\main\AndroidManifest.xml:37:9-39:67
41            android:name="com.example.color_my_world.Registration"
41-->src\main\AndroidManifest.xml:38:13-41
42            android:label="@string/title_activity_registration" />
42-->src\main\AndroidManifest.xml:39:13-64
43        <activity
43-->src\main\AndroidManifest.xml:40:9-42:64
44            android:name="com.example.color_my_world.User_home"
44-->src\main\AndroidManifest.xml:41:13-38
45            android:label="@string/title_activity_user_home" />
45-->src\main\AndroidManifest.xml:42:13-61
46        <activity
46-->src\main\AndroidManifest.xml:43:9-45:72
47            android:name="com.example.color_my_world.User_view_designs"
47-->src\main\AndroidManifest.xml:44:13-46
48            android:label="@string/title_activity_user_view_designs" />
48-->src\main\AndroidManifest.xml:45:13-69
49        <activity
49-->src\main\AndroidManifest.xml:46:9-48:73
50            android:name="com.example.color_my_world.User_view_designer"
50-->src\main\AndroidManifest.xml:47:13-47
51            android:label="@string/title_activity_user_view_designer" />
51-->src\main\AndroidManifest.xml:48:13-70
52        <activity
52-->src\main\AndroidManifest.xml:49:9-51:76
53            android:name="com.example.color_my_world.User_message_designer"
53-->src\main\AndroidManifest.xml:50:13-50
54            android:label="@string/title_activity_user_message_designer" />
54-->src\main\AndroidManifest.xml:51:13-73
55        <activity
55-->src\main\AndroidManifest.xml:52:9-54:73
56            android:name="com.example.color_my_world.User_send_feedback"
56-->src\main\AndroidManifest.xml:53:13-47
57            android:label="@string/title_activity_user_send_feedback" />
57-->src\main\AndroidManifest.xml:54:13-70
58        <activity
58-->src\main\AndroidManifest.xml:55:9-57:74
59            android:name="com.example.color_my_world.User_send_complaint"
59-->src\main\AndroidManifest.xml:56:13-48
60            android:label="@string/title_activity_user_send_complaint" />
60-->src\main\AndroidManifest.xml:57:13-71
61        <activity
61-->src\main\AndroidManifest.xml:58:9-60:71
62            android:name="com.example.color_my_world.User_requirement"
62-->src\main\AndroidManifest.xml:59:13-45
63            android:label="@string/title_activity_user_requirement" />
63-->src\main\AndroidManifest.xml:60:13-68
64        <activity
64-->src\main\AndroidManifest.xml:61:9-63:76
65            android:name="com.example.color_my_world.User_view_requirement"
65-->src\main\AndroidManifest.xml:62:13-50
66            android:label="@string/title_activity_user_view_requirement" />
66-->src\main\AndroidManifest.xml:63:13-73
67        <activity
67-->src\main\AndroidManifest.xml:64:9-66:73
68            android:name="com.example.color_my_world.User_view_proposal"
68-->src\main\AndroidManifest.xml:65:13-47
69            android:label="@string/title_activity_user_view_proposal" />
69-->src\main\AndroidManifest.xml:66:13-70
70        <activity
70-->src\main\AndroidManifest.xml:67:9-69:67
71            android:name="com.example.color_my_world.User_payment"
71-->src\main\AndroidManifest.xml:68:13-41
72            android:label="@string/title_activity_user_payment" />
72-->src\main\AndroidManifest.xml:69:13-64
73        <activity android:name="com.example.color_my_world.ChatHere" />
73-->src\main\AndroidManifest.xml:70:9-46
73-->src\main\AndroidManifest.xml:70:19-43
74        <activity android:name="com.example.color_my_world.Customchat" />
74-->src\main\AndroidManifest.xml:71:9-48
74-->src\main\AndroidManifest.xml:71:19-45
75    </application>
76
77</manifest>